openCVSamplefacedetection/build/outputs/logs/manifest-merger-debug-report.txt
-- Merging decision tree log ---
manifest
ADDED from src/main/AndroidManifest.xml:2:1-61:12
INJECTED from src/main/AndroidManifest.xml:2:1-61:12
INJECTED from src/main/AndroidManifest.xml:2:1-61:12
INJECTED from src/main/AndroidManifest.xml:2:1-61:12
MERGED from [:openCVLibrary340dev] AndroidManifest.xml:2:1-11:12
MERGED from [com.android.support:design:26.0.0-beta1] AndroidManifest.xml:17:1-31:12
MERGED from [com.android.support:appcompat-v7:26.0.0-beta1] AndroidManifest.xml:17:1-31:12
MERGED from [com.android.support.constraint:constraint-layout:1.0.2] AndroidManifest.xml:2:1-11:12
MERGED from [com.jakewharton:butterknife:8.8.1] AndroidManifest.xml:2:1-7:12
MERGED from [com.android.support:animated-vector-drawable:26.0.0-beta1] AndroidManifest.xml:17:1-28:12
MERGED from [com.android.support:support-vector-drawable:26.0.0-beta1] AndroidManifest.xml:17:1-28:12
MERGED from [com.android.support:recyclerview-v7:26.0.0-beta1] AndroidManifest.xml:17:1-28:12
MERGED from [com.android.support:transition:26.0.0-beta1] AndroidManifest.xml:17:1-28:12
MERGED from [com.android.support:support-v4:26.0.0-beta1] AndroidManifest.xml:17:1-31:12
MERGED from [com.android.support:support-media-compat:26.0.0-beta1] AndroidManifest.xml:17:1-31:12
MERGED from [com.android.support:support-fragment:26.0.0-beta1] AndroidManifest.xml:17:1-31:12
MERGED from [com.android.support:support-core-utils:26.0.0-beta1] AndroidManifest.xml:17:1-31:12
MERGED from [com.android.support:support-core-ui:26.0.0-beta1] AndroidManifest.xml:17:1-31:12
MERGED from [com.android.support:support-compat:26.0.0-beta1] AndroidManifest.xml:17:1-31:12
INJECTED from src/main/AndroidManifest.xml:2:1-61:12
INJECTED from src/main/AndroidManifest.xml:2:1-61:12
INJECTED from src/main/AndroidManifest.xml:2:1-61:12
	package
		ADDED from src/main/AndroidManifest.xml:3:5-44
		INJECTED from src/main/AndroidManifest.xml
		INJECTED from src/main/AndroidManifest.xml
	android:versionName
		ADDED from src/main/AndroidManifest.xml:5:5-31
		INJECTED from src/main/AndroidManifest.xml
		INJECTED from src/main/AndroidManifest.xml
	xmlns:android
		ADDED from src/main/AndroidManifest.xml:2:11-69
	android:versionCode
		ADDED from src/main/AndroidManifest.xml:4:5-30
		INJECTED from src/main/AndroidManifest.xml
		INJECTED from src/main/AndroidManifest.xml
uses-sdk
ADDED from src/main/AndroidManifest.xml:7:5-44
INJECTED from src/main/AndroidManifest.xml:7:5-44
INJECTED from src/main/AndroidManifest.xml:7:5-44
MERGED from [:openCVLibrary340dev] AndroidManifest.xml:7:5-9:41
MERGED from [:openCVLibrary340dev] AndroidManifest.xml:7:5-9:41
MERGED from [com.android.support:design:26.0.0-beta1] AndroidManifest.xml:21:5-23:62
MERGED from [com.android.support:design:26.0.0-beta1] AndroidManifest.xml:21:5-23:62
MERGED from [com.android.support:appcompat-v7:26.0.0-beta1] AndroidManifest.xml:21:5-23:78
MERGED from [com.android.support:appcompat-v7:26.0.0-beta1] AndroidManifest.xml:21:5-23:78
MERGED from [com.android.support.constraint:constraint-layout:1.0.2] AndroidManifest.xml:5:5-7:41
MERGED from [com.android.support.constraint:constraint-layout:1.0.2] AndroidManifest.xml:5:5-7:41
MERGED from [com.jakewharton:butterknife:8.8.1] AndroidManifest.xml:5:5-43
MERGED from [com.jakewharton:butterknife:8.8.1] AndroidManifest.xml:5:5-43
MERGED from [com.android.support:animated-vector-drawable:26.0.0-beta1] AndroidManifest.xml:20:5-44
MERGED from [com.android.support:animated-vector-drawable:26.0.0-beta1] AndroidManifest.xml:20:5-44
MERGED from [com.android.support:support-vector-drawable:26.0.0-beta1] AndroidManifest.xml:20:5-44
MERGED from [com.android.support:support-vector-drawable:26.0.0-beta1] AndroidManifest.xml:20:5-44
MERGED from [com.android.support:recyclerview-v7:26.0.0-beta1] AndroidManifest.xml:20:5-44
MERGED from [com.android.support:recyclerview-v7:26.0.0-beta1] AndroidManifest.xml:20:5-44
MERGED from [com.android.support:transition:26.0.0-beta1] AndroidManifest.xml:20:5-44
MERGED from [com.android.support:transition:26.0.0-beta1] AndroidManifest.xml:20:5-44
MERGED from [com.android.support:support-v4:26.0.0-beta1] AndroidManifest.xml:21:5-23:54
MERGED from [com.android.support:support-v4:26.0.0-beta1] AndroidManifest.xml:21:5-23:54
MERGED from [com.android.support:support-media-compat:26.0.0-beta1] AndroidManifest.xml:21:5-23:63
MERGED from [com.android.support:support-media-compat:26.0.0-beta1] AndroidManifest.xml:21:5-23:63
MERGED from [com.android.support:support-fragment:26.0.0-beta1] AndroidManifest.xml:21:5-23:60
MERGED from [com.android.support:support-fragment:26.0.0-beta1] AndroidManifest.xml:21:5-23:60
MERGED from [com.android.support:support-core-utils:26.0.0-beta1] AndroidManifest.xml:21:5-23:61
MERGED from [com.android.support:support-core-utils:26.0.0-beta1] AndroidManifest.xml:21:5-23:61
MERGED from [com.android.support:support-core-ui:26.0.0-beta1] AndroidManifest.xml:21:5-23:58
MERGED from [com.android.support:support-core-ui:26.0.0-beta1] AndroidManifest.xml:21:5-23:58
MERGED from [com.android.support:support-compat:26.0.0-beta1] AndroidManifest.xml:21:5-23:58
MERGED from [com.android.support:support-compat:26.0.0-beta1] AndroidManifest.xml:21:5-23:58
INJECTED from src/main/AndroidManifest.xml:7:5-44
INJECTED from src/main/AndroidManifest.xml:7:5-44
	tools:overrideLibrary
		ADDED from [com.android.support:design:26.0.0-beta1] AndroidManifest.xml:23:9-59
	android:targetSdkVersion
		INJECTED from src/main/AndroidManifest.xml
		ADDED from src/main/AndroidManifest.xml:7:5-44
		INJECTED from src/main/AndroidManifest.xml
	android:minSdkVersion
		ADDED from src/main/AndroidManifest.xml:7:15-41
		INJECTED from src/main/AndroidManifest.xml
		INJECTED from src/main/AndroidManifest.xml
supports-screens
ADDED from src/main/AndroidManifest.xml:9:5-14:39
	android:largeScreens
		ADDED from src/main/AndroidManifest.xml:11:9-36
	android:smallScreens
		ADDED from src/main/AndroidManifest.xml:14:9-36
	android:normalScreens
		ADDED from src/main/AndroidManifest.xml:12:9-37
	android:resizeable
		ADDED from src/main/AndroidManifest.xml:13:9-34
	android:anyDensity
		ADDED from src/main/AndroidManifest.xml:10:9-34
uses-permission#android.permission.CAMERA
ADDED from src/main/AndroidManifest.xml:16:5-65
	android:name
		ADDED from src/main/AndroidManifest.xml:16:22-62
uses-permission#android.permission.WRITE_EXTERNAL_STORAGE
ADDED from src/main/AndroidManifest.xml:17:5-81
	android:name
		ADDED from src/main/AndroidManifest.xml:17:22-78
uses-feature#android.hardware.camera2
ADDED from src/main/AndroidManifest.xml:19:5-21:36
	android:required
		ADDED from src/main/AndroidManifest.xml:21:9-33
	android:name
		ADDED from src/main/AndroidManifest.xml:20:9-48
uses-permission#android.permission.READ_PHONE_STATE
ADDED from src/main/AndroidManifest.xml:23:5-75
	android:name
		ADDED from src/main/AndroidManifest.xml:23:22-72
uses-permission#android.permission.READ_EXTERNAL_STORAGE
ADDED from src/main/AndroidManifest.xml:24:5-80
	android:name
		ADDED from src/main/AndroidManifest.xml:24:22-77
application
ADDED from src/main/AndroidManifest.xml:26:5-59:19
MERGED from [com.android.support:design:26.0.0-beta1] AndroidManifest.xml:25:5-29:19
MERGED from [com.android.support:design:26.0.0-beta1] AndroidManifest.xml:25:5-29:19
MERGED from [com.android.support:appcompat-v7:26.0.0-beta1] AndroidManifest.xml:25:5-29:19
MERGED from [com.android.support:appcompat-v7:26.0.0-beta1] AndroidManifest.xml:25:5-29:19
MERGED from [com.android.support.constraint:constraint-layout:1.0.2] AndroidManifest.xml:9:5-20
MERGED from [com.android.support.constraint:constraint-layout:1.0.2] AndroidManifest.xml:9:5-20
MERGED from [com.android.support:animated-vector-drawable:26.0.0-beta1] AndroidManifest.xml:22:5-26:19
MERGED from [com.android.support:animated-vector-drawable:26.0.0-beta1] AndroidManifest.xml:22:5-26:19
MERGED from [com.android.support:support-vector-drawable:26.0.0-beta1] AndroidManifest.xml:22:5-26:19
MERGED from [com.android.support:support-vector-drawable:26.0.0-beta1] AndroidManifest.xml:22:5-26:19
MERGED from [com.android.support:recyclerview-v7:26.0.0-beta1] AndroidManifest.xml:22:5-26:19
MERGED from [com.android.support:recyclerview-v7:26.0.0-beta1] AndroidManifest.xml:22:5-26:19
MERGED from [com.android.support:transition:26.0.0-beta1] AndroidManifest.xml:22:5-26:19
MERGED from [com.android.support:transition:26.0.0-beta1] AndroidManifest.xml:22:5-26:19
MERGED from [com.android.support:support-v4:26.0.0-beta1] AndroidManifest.xml:25:5-29:19
MERGED from [com.android.support:support-v4:26.0.0-beta1] AndroidManifest.xml:25:5-29:19
MERGED from [com.android.support:support-media-compat:26.0.0-beta1] AndroidManifest.xml:25:5-29:19
MERGED from [com.android.support:support-media-compat:26.0.0-beta1] AndroidManifest.xml:25:5-29:19
MERGED from [com.android.support:support-fragment:26.0.0-beta1] AndroidManifest.xml:25:5-29:19
MERGED from [com.android.support:support-fragment:26.0.0-beta1] AndroidManifest.xml:25:5-29:19
MERGED from [com.android.support:support-core-utils:26.0.0-beta1] AndroidManifest.xml:25:5-29:19
MERGED from [com.android.support:support-core-utils:26.0.0-beta1] AndroidManifest.xml:25:5-29:19
MERGED from [com.android.support:support-core-ui:26.0.0-beta1] AndroidManifest.xml:25:5-29:19
MERGED from [com.android.support:support-core-ui:26.0.0-beta1] AndroidManifest.xml:25:5-29:19
MERGED from [com.android.support:support-compat:26.0.0-beta1] AndroidManifest.xml:25:5-29:19
MERGED from [com.android.support:support-compat:26.0.0-beta1] AndroidManifest.xml:25:5-29:19
	android:supportsRtl
		ADDED from src/main/AndroidManifest.xml:30:9-35
	android:label
		ADDED from src/main/AndroidManifest.xml:29:9-41
	android:icon
		ADDED from src/main/AndroidManifest.xml:28:9-38
	android:allowBackup
		ADDED from src/main/AndroidManifest.xml:27:9-35
	android:theme
		ADDED from src/main/AndroidManifest.xml:31:9-40
activity#org.opencv.samples.facedetect.LoginActivity1
ADDED from src/main/AndroidManifest.xml:32:9-40:20
	android:label
		ADDED from src/main/AndroidManifest.xml:34:13-45
	android:name
		ADDED from src/main/AndroidManifest.xml:33:13-43
intent-filter#android.intent.action.MAIN+android.intent.category.LAUNCHER
ADDED from src/main/AndroidManifest.xml:35:13-39:29
action#android.intent.action.MAIN
ADDED from src/main/AndroidManifest.xml:36:17-69
	android:name
		ADDED from src/main/AndroidManifest.xml:36:25-66
category#android.intent.category.LAUNCHER
ADDED from src/main/AndroidManifest.xml:38:17-77
	android:name
		ADDED from src/main/AndroidManifest.xml:38:27-74
activity#org.opencv.samples.facedetect.MenuActivity
ADDED from src/main/AndroidManifest.xml:41:9-50
	android:name
		ADDED from src/main/AndroidManifest.xml:41:19-47
activity#org.opencv.samples.facedetect.SignupActivity
ADDED from src/main/AndroidManifest.xml:42:9-75
	android:label
		ADDED from src/main/AndroidManifest.xml:42:50-73
	android:name
		ADDED from src/main/AndroidManifest.xml:42:19-49
activity#org.opencv.samples.facedetect.RegisterActivity
ADDED from src/main/AndroidManifest.xml:43:9-54
	android:name
		ADDED from src/main/AndroidManifest.xml:43:19-51
activity#org.opencv.samples.facedetect.FdActivity
ADDED from src/main/AndroidManifest.xml:44:9-46:53
	android:screenOrientation
		ADDED from src/main/AndroidManifest.xml:46:13-50
	android:name
		ADDED from src/main/AndroidManifest.xml:45:13-39
activity#org.opencv.samples.facedetect.AddStudentActivity
ADDED from src/main/AndroidManifest.xml:47:9-83
	android:label
		ADDED from src/main/AndroidManifest.xml:47:54-81
	android:name
		ADDED from src/main/AndroidManifest.xml:47:19-53
activity#org.opencv.samples.facedetect.EditStudentActivity
ADDED from src/main/AndroidManifest.xml:48:9-85
	android:label
		ADDED from src/main/AndroidManifest.xml:48:55-83
	android:name
		ADDED from src/main/AndroidManifest.xml:48:19-54
activity#org.opencv.samples.facedetect.DeleteStudentActivity
ADDED from src/main/AndroidManifest.xml:49:9-89
	android:label
		ADDED from src/main/AndroidManifest.xml:49:57-87
	android:name
		ADDED from src/main/AndroidManifest.xml:49:19-56
activity#org.opencv.samples.facedetect.DisplayImageActivity
ADDED from src/main/AndroidManifest.xml:50:9-87
	android:label
		ADDED from src/main/AndroidManifest.xml:50:56-85
	android:name
		ADDED from src/main/AndroidManifest.xml:50:19-55
activity#org.opencv.samples.facedetect.AddImages
ADDED from src/main/AndroidManifest.xml:51:9-73
	android:label
		ADDED from src/main/AndroidManifest.xml:51:45-71
	android:name
		ADDED from src/main/AndroidManifest.xml:51:19-44
activity#org.opencv.samples.facedetect.CameraSession
ADDED from src/main/AndroidManifest.xml:52:9-80
	android:label
		ADDED from src/main/AndroidManifest.xml:52:49-78
	android:name
		ADDED from src/main/AndroidManifest.xml:52:19-48
activity#org.opencv.samples.facedetect.MainActivity
ADDED from src/main/AndroidManifest.xml:53:9-56:59
	android:label
		ADDED from src/main/AndroidManifest.xml:55:13-42
	android:theme
		ADDED from src/main/AndroidManifest.xml:56:13-56
	android:name
		ADDED from src/main/AndroidManifest.xml:54:13-41
activity#org.opencv.samples.facedetect.ViewStudentActivity
ADDED from src/main/AndroidManifest.xml:57:9-58:45
	android:label
		ADDED from src/main/AndroidManifest.xml:58:13-42
	android:name
		ADDED from src/main/AndroidManifest.xml:57:19-54
meta-data#android.support.VERSION
ADDED from [com.android.support:design:26.0.0-beta1] AndroidManifest.xml:26:9-28:44
MERGED from [com.android.support:appcompat-v7:26.0.0-beta1] AndroidManifest.xml:26:9-28:44
MERGED from [com.android.support:appcompat-v7:26.0.0-beta1] AndroidManifest.xml:26:9-28:44
MERGED from [com.android.support:animated-vector-drawable:26.0.0-beta1] AndroidManifest.xml:23:9-25:44
MERGED from [com.android.support:animated-vector-drawable:26.0.0-beta1] AndroidManifest.xml:23:9-25:44
MERGED from [com.android.support:support-vector-drawable:26.0.0-beta1] AndroidManifest.xml:23:9-25:44
MERGED from [com.android.support:support-vector-drawable:26.0.0-beta1] AndroidManifest.xml:23:9-25:44
MERGED from [com.android.support:recyclerview-v7:26.0.0-beta1] AndroidManifest.xml:23:9-25:44
MERGED from [com.android.support:recyclerview-v7:26.0.0-beta1] AndroidManifest.xml:23:9-25:44
MERGED from [com.android.support:transition:26.0.0-beta1] AndroidManifest.xml:23:9-25:44
MERGED from [com.android.support:transition:26.0.0-beta1] AndroidManifest.xml:23:9-25:44
MERGED from [com.android.support:support-v4:26.0.0-beta1] AndroidManifest.xml:26:9-28:44
MERGED from [com.android.support:support-v4:26.0.0-beta1] AndroidManifest.xml:26:9-28:44
MERGED from [com.android.support:support-media-compat:26.0.0-beta1] AndroidManifest.xml:26:9-28:44
MERGED from [com.android.support:support-media-compat:26.0.0-beta1] AndroidManifest.xml:26:9-28:44
MERGED from [com.android.support:support-fragment:26.0.0-beta1] AndroidManifest.xml:26:9-28:44
MERGED from [com.android.support:support-fragment:26.0.0-beta1] AndroidManifest.xml:26:9-28:44
MERGED from [com.android.support:support-core-utils:26.0.0-beta1] AndroidManifest.xml:26:9-28:44
MERGED from [com.android.support:support-core-utils:26.0.0-beta1] AndroidManifest.xml:26:9-28:44
MERGED from [com.android.support:support-core-ui:26.0.0-beta1] AndroidManifest.xml:26:9-28:44
MERGED from [com.android.support:support-core-ui:26.0.0-beta1] AndroidManifest.xml:26:9-28:44
MERGED from [com.android.support:support-compat:26.0.0-beta1] AndroidManifest.xml:26:9-28:44
MERGED from [com.android.support:support-compat:26.0.0-beta1] AndroidManifest.xml:26:9-28:44
	android:value
		ADDED from [com.android.support:design:26.0.0-beta1] AndroidManifest.xml:28:13-41
	android:name
		ADDED from [com.android.support:design:26.0.0-beta1] AndroidManifest.xml:27:13-51